<?xml version="1.0" encoding="UTF-8"?>
<!-- Generated by org.testng.reporters.JUnitXMLReporter -->
<testsuite hostname="DESKTOP-61V50HI" ignored="1" name="Test 1" tests="1" failures="0" timestamp="18 Oct 2020 08:31:38 GMT" time="18.645" errors="0">
  <testcase name="bookFlights" time="4.898" classname="com.learning.bookTabClasses.BookTabClassTest"/>
  <testcase name="loadSpiceJetHome" time="0.0" classname="com.learning.bookTabClasses.BookTabClassTest">
    <ignored/>
  </testcase> <!-- loadSpiceJetHome -->
</testsuite> <!-- Test 1 -->
